0 info it worked if it ends with ok
1 verbose cli [ '/Users/Rokas/.nvm/versions/node/v6.10.2/bin/node',
1 verbose cli   '/Users/Rokas/.nvm/versions/node/v6.10.2/bin/npm',
1 verbose cli   'run',
1 verbose cli   'babel-node',
1 verbose cli   './bin/www' ]
2 info using npm@3.10.10
3 info using node@v6.10.2
4 verbose run-script [ 'prebabel-node', 'babel-node', 'postbabel-node' ]
5 info lifecycle survey-app-backend@0.0.0~prebabel-node: survey-app-backend@0.0.0
6 silly lifecycle survey-app-backend@0.0.0~prebabel-node: no script for prebabel-node, continuing
7 info lifecycle survey-app-backend@0.0.0~babel-node: survey-app-backend@0.0.0
8 verbose lifecycle survey-app-backend@0.0.0~babel-node: unsafe-perm in lifecycle true
9 verbose lifecycle survey-app-backend@0.0.0~babel-node: PATH: /Users/Rokas/.nvm/versions/node/v6.10.2/lib/node_modules/npm/bin/node-gyp-bin:/Development/survey-app-backend/node_modules/.bin:/Development/survey-app-backend/node_modules/.bin:/Users/Rokas/.config/yarn/link/node_modules/.bin:/Development/survey-app-backend/node_modules/.bin:/Users/Rokas/.config/yarn/link/node_modules/.bin:/usr/local/lib/node_modules/yarn/bin/node-gyp-bin:/Users/Rokas/.nvm/versions/node/v6.10.2/bin:/usr/local/bin:/usr/bin:/bin:/usr/sbin:/sbin:/Development/play-2.1.1
10 verbose lifecycle survey-app-backend@0.0.0~babel-node: CWD: /Development/survey-app-backend
11 silly lifecycle survey-app-backend@0.0.0~babel-node: Args: [ '-c', 'babel-node --presets env "./bin/www"' ]
12 silly lifecycle survey-app-backend@0.0.0~babel-node: Returned: code: 1  signal: null
13 info lifecycle survey-app-backend@0.0.0~babel-node: Failed to exec babel-node script
14 verbose stack Error: survey-app-backend@0.0.0 babel-node: `babel-node --presets env "./bin/www"`
14 verbose stack Exit status 1
14 verbose stack     at EventEmitter.<anonymous> (/Users/Rokas/.nvm/versions/node/v6.10.2/lib/node_modules/npm/lib/utils/lifecycle.js:255:16)
14 verbose stack     at emitTwo (events.js:106:13)
14 verbose stack     at EventEmitter.emit (events.js:191:7)
14 verbose stack     at ChildProcess.<anonymous> (/Users/Rokas/.nvm/versions/node/v6.10.2/lib/node_modules/npm/lib/utils/spawn.js:40:14)
14 verbose stack     at emitTwo (events.js:106:13)
14 verbose stack     at ChildProcess.emit (events.js:191:7)
14 verbose stack     at maybeClose (internal/child_process.js:886:16)
14 verbose stack     at Process.ChildProcess._handle.onexit (internal/child_process.js:226:5)
15 verbose pkgid survey-app-backend@0.0.0
16 verbose cwd /Development/survey-app-backend
17 error Darwin 17.0.0
18 error argv "/Users/Rokas/.nvm/versions/node/v6.10.2/bin/node" "/Users/Rokas/.nvm/versions/node/v6.10.2/bin/npm" "run" "babel-node" "./bin/www"
19 error node v6.10.2
20 error npm  v3.10.10
21 error code ELIFECYCLE
22 error survey-app-backend@0.0.0 babel-node: `babel-node --presets env "./bin/www"`
22 error Exit status 1
23 error Failed at the survey-app-backend@0.0.0 babel-node script 'babel-node --presets env "./bin/www"'.
23 error Make sure you have the latest version of node.js and npm installed.
23 error If you do, this is most likely a problem with the survey-app-backend package,
23 error not with npm itself.
23 error Tell the author that this fails on your system:
23 error     babel-node --presets env "./bin/www"
23 error You can get information on how to open an issue for this project with:
23 error     npm bugs survey-app-backend
23 error Or if that isn't available, you can get their info via:
23 error     npm owner ls survey-app-backend
23 error There is likely additional logging output above.
24 verbose exit [ 1, true ]
